[2023-06-22T07:59:07.027Z] info You are not logged in!, Please log in to get access Error: You are not logged in!, Please log in to get access
[2023-06-23T02:03:02.869Z] info Cant find /api/v1/login on this server! 😢 Error: Cant find /api/v1/login on this server! 😢
[2023-06-23T02:03:26.070Z] info Cant find /api/v1/login on this server! 😢 Error: Cant find /api/v1/login on this server! 😢
[2023-06-23T02:04:35.949Z] info You are not logged in!, Please log in to get access Error: You are not logged in!, Please log in to get access
[2023-06-23T02:04:50.958Z] info Cant find /api/v1/login on this server! 😢 Error: Cant find /api/v1/login on this server! 😢
[2023-06-23T02:17:15.492Z] info Cant find /api/v1/login on this server! 😢 Error: Cant find /api/v1/login on this server! 😢
[2023-06-23T02:20:43.101Z] info User with email: rafael16@gmail.com not found Error: User with email: rafael16@gmail.com not found
[2023-06-23T02:22:51.881Z] info User with email: rafael16@gmail.com not found Error: User with email: rafael16@gmail.com not found
[2023-06-23T03:24:43.821Z] info You are not logged in!, Please log in to get access Error: You are not logged in!, Please log in to get access
[2023-06-23T03:25:13.680Z] info You are not logged in!, Please log in to get access Error: You are not logged in!, Please log in to get access
[2023-06-23T03:25:57.231Z] info You are not logged in!, Please log in to get access Error: You are not logged in!, Please log in to get access
[2023-06-23T03:27:56.962Z] info You are not logged in!, Please log in to get access Error: You are not logged in!, Please log in to get access
[2023-06-23T03:29:18.125Z] info You are not logged in!, Please log in to get access Error: You are not logged in!, Please log in to get access
[2023-06-23T03:39:19.357Z] info Incorrect email or password Error: Incorrect email or password
[2023-06-23T03:39:46.501Z] info Incorrect email or password Error: Incorrect email or password
[2023-06-23T03:45:32.001Z] info Incorrect email or password Error: Incorrect email or password
[2023-06-23T03:46:39.571Z] info Incorrect email or password Error: Incorrect email or password
[2023-06-23T04:04:24.247Z] info Incorrect email or password Error: Incorrect email or password
[2023-06-23T04:05:31.563Z] info Incorrect email or password Error: Incorrect email or password
[2023-06-23T04:11:44.445Z] info Cannot read properties of undefined (reading 'toLowerCase') TypeError: Cannot read properties of undefined (reading 'toLowerCase')
[2023-06-23T04:15:08.256Z] info Incorrect email or password Error: Incorrect email or password
[2023-06-23T04:20:21.344Z] info You are not logged in!, Please log in to get access Error: You are not logged in!, Please log in to get access
[2023-06-23T04:20:31.625Z] info You are not logged in!, Please log in to get access Error: You are not logged in!, Please log in to get access
[2023-06-23T04:21:03.329Z] info Cant find /api/v1/login on this server! 😢 Error: Cant find /api/v1/login on this server! 😢
[2023-06-23T04:21:30.723Z] info You are not logged in!, Please log in to get access Error: You are not logged in!, Please log in to get access
[2023-06-23T04:22:42.316Z] info You are not logged in!, Please log in to get access Error: You are not logged in!, Please log in to get access
[2023-06-23T05:03:21.457Z] info You are not logged in!, Please log in to get access Error: You are not logged in!, Please log in to get access
[2023-06-23T05:09:24.488Z] info You are not logged in!, Please log in to get access Error: You are not logged in!, Please log in to get access
[2023-06-23T05:09:35.260Z] info You are not logged in!, Please log in to get access Error: You are not logged in!, Please log in to get access
[2023-06-23T06:15:16.622Z] info You are not logged in!, Please log in to get access Error: You are not logged in!, Please log in to get access
[2023-06-23T06:15:59.692Z] info You are not logged in!, Please log in to get access Error: You are not logged in!, Please log in to get access
[2023-06-23T06:21:43.490Z] info Incorrect email or password Error: Incorrect email or password
[2023-06-24T18:58:09.577Z] info Incorrect email or password Error: Incorrect email or password
[2023-06-24T18:59:18.293Z] info Incorrect email or password Error: Incorrect email or password
[2023-06-24T19:01:34.028Z] info Incorrect email or password Error: Incorrect email or password
[2023-06-24T19:06:16.634Z] info Incorrect email or password Error: Incorrect email or password
[2023-06-29T00:36:40.692Z] info no existe la columna «passwordChangedAt» SequelizeDatabaseError: no existe la columna «passwordChangedAt»
[2023-06-29T00:42:00.466Z] info no existe la columna «passwordChangedAt» SequelizeDatabaseError: no existe la columna «passwordChangedAt»
[2023-06-29T01:26:45.431Z] info You are not logged in!, Please log in to get access Error: You are not logged in!, Please log in to get access
[2023-06-29T01:27:02.688Z] info User is not defined ReferenceError: User is not defined
[2023-06-29T01:29:47.626Z] info User is not defined ReferenceError: User is not defined
[2023-06-29T01:36:14.538Z] info el operador no existe: character varying = integer SequelizeDatabaseError: el operador no existe: character varying = integer
[2023-06-29T01:38:34.926Z] info el operador no existe: character varying = integer SequelizeDatabaseError: el operador no existe: character varying = integer
[2023-06-29T01:39:39.375Z] info el operador no existe: character varying = integer SequelizeDatabaseError: el operador no existe: character varying = integer
[2023-06-29T01:45:34.436Z] info el operador no existe: character varying = integer SequelizeDatabaseError: el operador no existe: character varying = integer
[2023-06-29T01:48:34.789Z] info el operador no existe: character varying = integer SequelizeDatabaseError: el operador no existe: character varying = integer
[2023-06-29T01:49:57.094Z] info el operador no existe: character varying = integer SequelizeDatabaseError: el operador no existe: character varying = integer
[2023-06-29T01:51:40.780Z] info el operador no existe: character varying = integer SequelizeDatabaseError: el operador no existe: character varying = integer
[2023-06-29T02:01:39.824Z] info el operador no existe: character varying = integer SequelizeDatabaseError: el operador no existe: character varying = integer
[2023-06-29T02:07:36.234Z] info el operador no existe: character varying = integer SequelizeDatabaseError: el operador no existe: character varying = integer
[2023-06-29T02:22:48.974Z] info el operador no existe: character varying = integer SequelizeDatabaseError: el operador no existe: character varying = integer
[2023-06-29T02:25:14.660Z] info el operador no existe: character varying = integer SequelizeDatabaseError: el operador no existe: character varying = integer
[2023-06-29T02:26:55.288Z] info el operador no existe: character varying = integer SequelizeDatabaseError: el operador no existe: character varying = integer
[2023-06-29T02:43:24.577Z] info You do not have permission to perform this action! Error: You do not have permission to perform this action!
